<?xml version="1.0" encoding="UTF-8"?>
<testsuite name="com.chlee.www.springboot.web.IndexControllerTest" tests="1" skipped="0" failures="0" errors="0" timestamp="2021-03-02T16:35:07" hostname="DESKTOP-RKJA9G8" time="0.088">
  <properties/>
  <testcase name="메인페이지_로딩" classname="com.chlee.www.springboot.web.IndexControllerTest" time="0.088"/>
  <system-out><![CDATA[2021-03-03 01:35:07.815  INFO 26452 --- [    Test worker] .b.t.c.SpringBootTestContextBootstrapper : Neither @ContextConfiguration nor @ContextHierarchy found for test class [com.chlee.www.springboot.web.IndexControllerTest], using SpringBootContextLoader
2021-03-03 01:35:07.816  INFO 26452 --- [    Test worker] o.s.t.c.support.AbstractContextLoader    : Could not detect default resource locations for test class [com.chlee.www.springboot.web.IndexControllerTest]: no resource found for suffixes {-context.xml, Context.groovy}.
2021-03-03 01:35:07.816  INFO 26452 --- [    Test worker] t.c.s.AnnotationConfigContextLoaderUtils : Could not detect default configuration classes for test class [com.chlee.www.springboot.web.IndexControllerTest]: IndexControllerTest does not declare any static, non-private, non-final, nested classes annotated with @Configuration.
2021-03-03 01:35:07.817  INFO 26452 --- [    Test worker] .b.t.c.SpringBootTestContextBootstrapper : Found @SpringBootConfiguration com.chlee.www.springboot.Application for test class com.chlee.www.springboot.web.IndexControllerTest
2021-03-03 01:35:07.818  INFO 26452 --- [    Test worker] .b.t.c.SpringBootTestContextBootstrapper : Loaded default TestExecutionListener class names from location [META-INF/spring.factories]: [org.springframework.boot.test.autoconfigure.restdocs.RestDocsTestExecutionListener, org.springframework.boot.test.autoconfigure.web.client.MockRestServiceServerResetTestExecutionListener, org.springframework.boot.test.autoconfigure.web.servlet.MockMvcPrintOnlyOnFailureTestExecutionListener, org.springframework.boot.test.autoconfigure.web.servlet.WebDriverTestExecutionListener, org.springframework.boot.test.mock.mockito.MockitoTestExecutionListener, org.springframework.boot.test.mock.mockito.ResetMocksTestExecutionListener, org.springframework.test.context.web.ServletTestExecutionListener, org.springframework.test.context.support.DirtiesContextBeforeModesTestExecutionListener, org.springframework.test.context.support.DependencyInjectionTestExecutionListener, org.springframework.test.context.support.DirtiesContextTestExecutionListener, org.springframework.test.context.transaction.TransactionalTestExecutionListener, org.springframework.test.context.jdbc.SqlScriptsTestExecutionListener]
2021-03-03 01:35:07.818  INFO 26452 --- [    Test worker] .b.t.c.SpringBootTestContextBootstrapper : Using TestExecutionListeners: [org.springframework.test.context.web.ServletTestExecutionListener@24b34e8c, org.springframework.test.context.support.DirtiesContextBeforeModesTestExecutionListener@609877b9, org.springframework.boot.test.mock.mockito.MockitoTestExecutionListener@79cabb0c, org.springframework.boot.test.autoconfigure.SpringBootDependencyInjectionTestExecutionListener@2c3bf67c, org.springframework.test.context.support.DirtiesContextTestExecutionListener@12421a59, org.springframework.test.context.transaction.TransactionalTestExecutionListener@31c49217, org.springframework.test.context.jdbc.SqlScriptsTestExecutionListener@1dfa5df8, org.springframework.boot.test.autoconfigure.restdocs.RestDocsTestExecutionListener@6e81c02d, org.springframework.boot.test.autoconfigure.web.client.MockRestServiceServerResetTestExecutionListener@6c939f76, org.springframework.boot.test.autoconfigure.web.servlet.MockMvcPrintOnlyOnFailureTestExecutionListener@79d2ecd9, org.springframework.boot.test.autoconfigure.web.servlet.WebDriverTestExecutionListener@36086b86, org.springframework.boot.test.mock.mockito.ResetMocksTestExecutionListener@566855c2]
Hibernate: select posts0_.id as id1_0_, posts0_.created_date as created_2_0_, posts0_.modified_date as modified3_0_, posts0_.author as author4_0_, posts0_.content as content5_0_, posts0_.title as title6_0_ from posts posts0_ order by posts0_.id DESC
]]></system-out>
  <system-err><![CDATA[]]></system-err>
</testsuite>
